<?xml version="1.0" encoding="UTF-8"?>
<!-- Generated by org.testng.reporters.JUnitReportReporter -->
<testsuite skipped="0" hostname="DESKTOP-MPI1IGO" name="qaquickacademy.Mavenjava.RestApiTest" tests="2" failures="0" timestamp="2020-05-06T20:23:23 IST" time="0.020" errors="0">
  <testcase name="IosApp" time="0.002" classname="qaquickacademy.Mavenjava.RestApiTest"/>
  <system-out/>
  <testcase name="AndroidNativeApp" time="0.018" classname="qaquickacademy.Mavenjava.RestApiTest"/>
  <system-out/>
</testsuite> <!-- qaquickacademy.Mavenjava.RestApiTest -->
