<?xml version="1.0" encoding="UTF-8"?>
<!-- Generated by org.testng.reporters.JUnitReportReporter -->
<testsuite hostname="DESKTOP-MPI1IGO" failures="0" tests="2" name="qaquickacademy.Mavenjava.AppiumTest" time="0.019" errors="0" timestamp="2020-05-06T17:20:45 IST" skipped="0">
  <testcase classname="qaquickacademy.Mavenjava.AppiumTest" name="DeleteTwitter" time="0.016"/>
  <system-out/>
  <testcase classname="qaquickacademy.Mavenjava.AppiumTest" name="PostZira" time="0.003"/>
  <system-out/>
</testsuite> <!-- qaquickacademy.Mavenjava.AppiumTest -->
