<?xml version="1.0" encoding="UTF-8"?>
<!-- Generated by org.testng.reporters.JUnitReportReporter -->
<testsuite hostname="DESKTOP-MPI1IGO" failures="0" tests="2" name="qaquickacademy.Mavenjava.SeleniumTest" time="0.003" errors="0" timestamp="2020-05-06T17:20:45 IST" skipped="0">
  <testcase classname="qaquickacademy.Mavenjava.SeleniumTest" name="BrowserAutomtion" time="0.001"/>
  <system-out/>
  <testcase classname="qaquickacademy.Mavenjava.SeleniumTest" name="ElementUI" time="0.002"/>
  <system-out/>
</testsuite> <!-- qaquickacademy.Mavenjava.SeleniumTest -->
