<?xml version="1.0" encoding="UTF-8"?>
<!-- Generated by org.testng.reporters.JUnitReportReporter -->
<testsuite hostname="DESKTOP-MPI1IGO" failures="0" tests="1" name="qaquickacademy.Mavenjava.AppTest" time="0.034" errors="0" timestamp="2020-05-06T17:04:00 IST" skipped="0">
  <testcase classname="qaquickacademy.Mavenjava.AppTest" name="shouldAnswerWithTrue" time="0.034"/>
  <system-out/>
</testsuite> <!-- qaquickacademy.Mavenjava.AppTest -->
