<?xml version="1.0" encoding="UTF-8"?>
<!-- Generated by org.testng.reporters.JUnitReportReporter -->
<testsuite skipped="0" hostname="DESKTOP-MPI1IGO" name="qaquickacademy.Mavenjava.SeleniumTest" tests="2" failures="0" timestamp="2020-05-07T20:19:55 IST" time="0.001" errors="0">
  <testcase name="BrowserAutomtion" time="0.001" classname="qaquickacademy.Mavenjava.SeleniumTest"/>
  <system-out/>
  <testcase name="ElementUI" time="0.000" classname="qaquickacademy.Mavenjava.SeleniumTest"/>
  <system-out/>
</testsuite> <!-- qaquickacademy.Mavenjava.SeleniumTest -->
