<?xml version="1.0" encoding="UTF-8"?>
<!-- Generated by org.testng.reporters.JUnitReportReporter -->
<testsuite skipped="0" hostname="DESKTOP-MPI1IGO" name="qaquickacademy.Mavenjava.AppiumTest" tests="2" failures="0" timestamp="2020-05-07T20:19:55 IST" time="0.015" errors="0">
  <testcase name="DeleteTwitter" time="0.014" classname="qaquickacademy.Mavenjava.AppiumTest"/>
  <system-out/>
  <testcase name="PostZira" time="0.001" classname="qaquickacademy.Mavenjava.AppiumTest"/>
  <system-out/>
</testsuite> <!-- qaquickacademy.Mavenjava.AppiumTest -->
